
*** Running vivado
    with args -log databus_mux.vds -m64 -product Vivado -mode batch -messageDb vivado.pb -notrace -source databus_mux.tcl


****** Vivado v2018.3 (64-bit)
  **** SW Build 2405991 on Thu Dec  6 23:38:27 MST 2018
  **** IP Build 2404404 on Fri Dec  7 01:43:56 MST 2018
    ** Copyright 1986-2018 Xilinx, Inc. All Rights Reserved.

source databus_mux.tcl -notrace
Command: synth_design -top databus_mux -part xc7a100tcsg324-1
Starting synth_design
Attempting to get a license for feature 'Synthesis' and/or device 'xc7a100t'
INFO: [Common 17-349] Got license for feature 'Synthesis' and/or device 'xc7a100t'
INFO: Launching helper process for spawning children vivado processes
INFO: Helper process launched with PID 5720 
---------------------------------------------------------------------------------
Starting Synthesize : Time (s): cpu = 00:00:03 ; elapsed = 00:00:03 . Memory (MB): peak = 430.547 ; gain = 99.305
---------------------------------------------------------------------------------
INFO: [Synth 8-638] synthesizing module 'databus_mux' [C:/Users/nccas/VivadoWorkspace/gba/src/databus_mux.vhd:45]
INFO: [Synth 8-256] done synthesizing module 'databus_mux' (1#1) [C:/Users/nccas/VivadoWorkspace/gba/src/databus_mux.vhd:45]
WARNING: [Synth 8-3331] design databus_mux has unconnected port control[enable]
WARNING: [Synth 8-3331] design databus_mux has unconnected port control[inst][inst_type][6]
WARNING: [Synth 8-3331] design databus_mux has unconnected port control[inst][inst_type][5]
WARNING: [Synth 8-3331] design databus_mux has unconnected port control[inst][inst_type][4]
WARNING: [Synth 8-3331] design databus_mux has unconnected port control[inst][inst_type][3]
WARNING: [Synth 8-3331] design databus_mux has unconnected port control[inst][inst_type][2]
WARNING: [Synth 8-3331] design databus_mux has unconnected port control[inst][inst_type][1]
WARNING: [Synth 8-3331] design databus_mux has unconnected port control[inst][inst_type][0]
WARNING: [Synth 8-3331] design databus_mux has unconnected port control[inst][orig_8b][3]
WARNING: [Synth 8-3331] design databus_mux has unconnected port control[inst][orig_8b][2]
WARNING: [Synth 8-3331] design databus_mux has unconnected port control[inst][orig_8b][1]
WARNING: [Synth 8-3331] design databus_mux has unconnected port control[inst][orig_8b][0]
WARNING: [Synth 8-3331] design databus_mux has unconnected port control[inst][dest_8b][3]
WARNING: [Synth 8-3331] design databus_mux has unconnected port control[inst][dest_8b][2]
WARNING: [Synth 8-3331] design databus_mux has unconnected port control[inst][dest_8b][1]
WARNING: [Synth 8-3331] design databus_mux has unconnected port control[inst][dest_8b][0]
WARNING: [Synth 8-3331] design databus_mux has unconnected port control[inst][orig_16b][2]
WARNING: [Synth 8-3331] design databus_mux has unconnected port control[inst][orig_16b][1]
WARNING: [Synth 8-3331] design databus_mux has unconnected port control[inst][orig_16b][0]
WARNING: [Synth 8-3331] design databus_mux has unconnected port control[inst][dest_16b][2]
WARNING: [Synth 8-3331] design databus_mux has unconnected port control[inst][dest_16b][1]
WARNING: [Synth 8-3331] design databus_mux has unconnected port control[inst][dest_16b][0]
WARNING: [Synth 8-3331] design databus_mux has unconnected port control[inst][orig_dir][3]
WARNING: [Synth 8-3331] design databus_mux has unconnected port control[inst][orig_dir][2]
WARNING: [Synth 8-3331] design databus_mux has unconnected port control[inst][orig_dir][1]
WARNING: [Synth 8-3331] design databus_mux has unconnected port control[inst][orig_dir][0]
WARNING: [Synth 8-3331] design databus_mux has unconnected port control[inst][dest_dir][3]
WARNING: [Synth 8-3331] design databus_mux has unconnected port control[inst][dest_dir][2]
WARNING: [Synth 8-3331] design databus_mux has unconnected port control[inst][dest_dir][1]
WARNING: [Synth 8-3331] design databus_mux has unconnected port control[inst][dest_dir][0]
WARNING: [Synth 8-3331] design databus_mux has unconnected port control[inst][cond][3]
WARNING: [Synth 8-3331] design databus_mux has unconnected port control[inst][cond][2]
WARNING: [Synth 8-3331] design databus_mux has unconnected port control[inst][cond][1]
WARNING: [Synth 8-3331] design databus_mux has unconnected port control[inst][cond][0]
---------------------------------------------------------------------------------
Finished Synthesize : Time (s): cpu = 00:00:03 ; elapsed = 00:00:03 . Memory (MB): peak = 486.098 ; gain = 154.855
---------------------------------------------------------------------------------
---------------------------------------------------------------------------------
Finished Constraint Validation : Time (s): cpu = 00:00:03 ; elapsed = 00:00:03 . Memory (MB): peak = 486.098 ; gain = 154.855
---------------------------------------------------------------------------------
---------------------------------------------------------------------------------
Start Loading Part and Timing Information
---------------------------------------------------------------------------------
Loading part: xc7a100tcsg324-1
---------------------------------------------------------------------------------
Finished Loading Part and Timing Information : Time (s): cpu = 00:00:03 ; elapsed = 00:00:03 . Memory (MB): peak = 486.098 ; gain = 154.855
---------------------------------------------------------------------------------
INFO: [Device 21-403] Loading part xc7a100tcsg324-1
---------------------------------------------------------------------------------
Finished RTL Optimization Phase 2 : Time (s): cpu = 00:00:03 ; elapsed = 00:00:03 . Memory (MB): peak = 486.098 ; gain = 154.855
---------------------------------------------------------------------------------

Report RTL Partitions: 
+-+--------------+------------+----------+
| |RTL Partition |Replication |Instances |
+-+--------------+------------+----------+
+-+--------------+------------+----------+
No constraint files found.
---------------------------------------------------------------------------------
Start RTL Component Statistics 
---------------------------------------------------------------------------------
Detailed RTL Component Info : 
+---Muxes : 
	   4 Input      8 Bit        Muxes := 1     
---------------------------------------------------------------------------------
Finished RTL Component Statistics 
---------------------------------------------------------------------------------
---------------------------------------------------------------------------------
Start RTL Hierarchical Component Statistics 
---------------------------------------------------------------------------------
Hierarchical RTL Component report 
Module databus_mux 
Detailed RTL Component Info : 
+---Muxes : 
	   4 Input      8 Bit        Muxes := 1     
---------------------------------------------------------------------------------
Finished RTL Hierarchical Component Statistics
---------------------------------------------------------------------------------
---------------------------------------------------------------------------------
Start Part Resource Summary
---------------------------------------------------------------------------------
Part Resources:
DSPs: 240 (col length:80)
BRAMs: 270 (col length: RAMB18 80 RAMB36 40)
---------------------------------------------------------------------------------
Finished Part Resource Summary
---------------------------------------------------------------------------------
No constraint files found.
---------------------------------------------------------------------------------
Start Cross Boundary and Area Optimization
---------------------------------------------------------------------------------
Warning: Parallel synthesis criteria is not met 
WARNING: [Synth 8-3331] design databus_mux has unconnected port control[enable]
WARNING: [Synth 8-3331] design databus_mux has unconnected port control[inst][inst_type][6]
WARNING: [Synth 8-3331] design databus_mux has unconnected port control[inst][inst_type][5]
WARNING: [Synth 8-3331] design databus_mux has unconnected port control[inst][inst_type][4]
WARNING: [Synth 8-3331] design databus_mux has unconnected port control[inst][inst_type][3]
WARNING: [Synth 8-3331] design databus_mux has unconnected port control[inst][inst_type][2]
WARNING: [Synth 8-3331] design databus_mux has unconnected port control[inst][inst_type][1]
WARNING: [Synth 8-3331] design databus_mux has unconnected port control[inst][inst_type][0]
WARNING: [Synth 8-3331] design databus_mux has unconnected port control[inst][orig_8b][3]
WARNING: [Synth 8-3331] design databus_mux has unconnected port control[inst][orig_8b][2]
WARNING: [Synth 8-3331] design databus_mux has unconnected port control[inst][orig_8b][1]
WARNING: [Synth 8-3331] design databus_mux has unconnected port control[inst][orig_8b][0]
WARNING: [Synth 8-3331] design databus_mux has unconnected port control[inst][dest_8b][3]
WARNING: [Synth 8-3331] design databus_mux has unconnected port control[inst][dest_8b][2]
WARNING: [Synth 8-3331] design databus_mux has unconnected port control[inst][dest_8b][1]
WARNING: [Synth 8-3331] design databus_mux has unconnected port control[inst][dest_8b][0]
WARNING: [Synth 8-3331] design databus_mux has unconnected port control[inst][orig_16b][2]
WARNING: [Synth 8-3331] design databus_mux has unconnected port control[inst][orig_16b][1]
WARNING: [Synth 8-3331] design databus_mux has unconnected port control[inst][orig_16b][0]
WARNING: [Synth 8-3331] design databus_mux has unconnected port control[inst][dest_16b][2]
WARNING: [Synth 8-3331] design databus_mux has unconnected port control[inst][dest_16b][1]
WARNING: [Synth 8-3331] design databus_mux has unconnected port control[inst][dest_16b][0]
WARNING: [Synth 8-3331] design databus_mux has unconnected port control[inst][orig_dir][3]
WARNING: [Synth 8-3331] design databus_mux has unconnected port control[inst][orig_dir][2]
WARNING: [Synth 8-3331] design databus_mux has unconnected port control[inst][orig_dir][1]
WARNING: [Synth 8-3331] design databus_mux has unconnected port control[inst][orig_dir][0]
WARNING: [Synth 8-3331] design databus_mux has unconnected port control[inst][dest_dir][3]
WARNING: [Synth 8-3331] design databus_mux has unconnected port control[inst][dest_dir][2]
WARNING: [Synth 8-3331] design databus_mux has unconnected port control[inst][dest_dir][1]
WARNING: [Synth 8-3331] design databus_mux has unconnected port control[inst][dest_dir][0]
WARNING: [Synth 8-3331] design databus_mux has unconnected port control[inst][cond][3]
WARNING: [Synth 8-3331] design databus_mux has unconnected port control[inst][cond][2]
WARNING: [Synth 8-3331] design databus_mux has unconnected port control[inst][cond][1]
WARNING: [Synth 8-3331] design databus_mux has unconnected port control[inst][cond][0]
---------------------------------------------------------------------------------
Finished Cross Boundary and Area Optimization : Time (s): cpu = 00:00:06 ; elapsed = 00:00:06 . Memory (MB): peak = 628.680 ; gain = 297.438
---------------------------------------------------------------------------------

Report RTL Partitions: 
+-+--------------+------------+----------+
| |RTL Partition |Replication |Instances |
+-+--------------+------------+----------+
+-+--------------+------------+----------+
No constraint files found.
---------------------------------------------------------------------------------
Start Timing Optimization
---------------------------------------------------------------------------------
---------------------------------------------------------------------------------
Finished Timing Optimization : Time (s): cpu = 00:00:06 ; elapsed = 00:00:06 . Memory (MB): peak = 628.680 ; gain = 297.438
---------------------------------------------------------------------------------

Report RTL Partitions: 
+-+--------------+------------+----------+
| |RTL Partition |Replication |Instances |
+-+--------------+------------+----------+
+-+--------------+------------+----------+
---------------------------------------------------------------------------------
Start Technology Mapping
---------------------------------------------------------------------------------
---------------------------------------------------------------------------------
Finished Technology Mapping : Time (s): cpu = 00:00:06 ; elapsed = 00:00:06 . Memory (MB): peak = 628.699 ; gain = 297.457
---------------------------------------------------------------------------------

Report RTL Partitions: 
+-+--------------+------------+----------+
| |RTL Partition |Replication |Instances |
+-+--------------+------------+----------+
+-+--------------+------------+----------+
---------------------------------------------------------------------------------
Start IO Insertion
---------------------------------------------------------------------------------
---------------------------------------------------------------------------------
Start Flattening Before IO Insertion
---------------------------------------------------------------------------------
---------------------------------------------------------------------------------
Finished Flattening Before IO Insertion
---------------------------------------------------------------------------------
---------------------------------------------------------------------------------
Start Final Netlist Cleanup
---------------------------------------------------------------------------------
---------------------------------------------------------------------------------
Finished Final Netlist Cleanup
---------------------------------------------------------------------------------
---------------------------------------------------------------------------------
Finished IO Insertion : Time (s): cpu = 00:00:06 ; elapsed = 00:00:06 . Memory (MB): peak = 628.699 ; gain = 297.457
---------------------------------------------------------------------------------

Report Check Netlist: 
+------+------------------+-------+---------+-------+------------------+
|      |Item              |Errors |Warnings |Status |Description       |
+------+------------------+-------+---------+-------+------------------+
|1     |multi_driven_nets |      0|        0|Passed |Multi driven nets |
+------+------------------+-------+---------+-------+------------------+
---------------------------------------------------------------------------------
Start Renaming Generated Instances
---------------------------------------------------------------------------------
---------------------------------------------------------------------------------
Finished Renaming Generated Instances : Time (s): cpu = 00:00:06 ; elapsed = 00:00:06 . Memory (MB): peak = 628.699 ; gain = 297.457
---------------------------------------------------------------------------------

Report RTL Partitions: 
+-+--------------+------------+----------+
| |RTL Partition |Replication |Instances |
+-+--------------+------------+----------+
+-+--------------+------------+----------+
---------------------------------------------------------------------------------
Start Rebuilding User Hierarchy
---------------------------------------------------------------------------------
---------------------------------------------------------------------------------
Finished Rebuilding User Hierarchy : Time (s): cpu = 00:00:06 ; elapsed = 00:00:06 . Memory (MB): peak = 628.699 ; gain = 297.457
---------------------------------------------------------------------------------
---------------------------------------------------------------------------------
Start Renaming Generated Ports
---------------------------------------------------------------------------------
---------------------------------------------------------------------------------
Finished Renaming Generated Ports : Time (s): cpu = 00:00:06 ; elapsed = 00:00:06 . Memory (MB): peak = 628.699 ; gain = 297.457
---------------------------------------------------------------------------------
---------------------------------------------------------------------------------
Start Handling Custom Attributes
---------------------------------------------------------------------------------
---------------------------------------------------------------------------------
Finished Handling Custom Attributes : Time (s): cpu = 00:00:06 ; elapsed = 00:00:06 . Memory (MB): peak = 628.699 ; gain = 297.457
---------------------------------------------------------------------------------
---------------------------------------------------------------------------------
Start Renaming Generated Nets
---------------------------------------------------------------------------------
---------------------------------------------------------------------------------
Finished Renaming Generated Nets : Time (s): cpu = 00:00:06 ; elapsed = 00:00:06 . Memory (MB): peak = 628.699 ; gain = 297.457
---------------------------------------------------------------------------------
---------------------------------------------------------------------------------
Start Writing Synthesis Report
---------------------------------------------------------------------------------

Report BlackBoxes: 
+-+--------------+----------+
| |BlackBox name |Instances |
+-+--------------+----------+
+-+--------------+----------+

Report Cell Usage: 
+------+-----+------+
|      |Cell |Count |
+------+-----+------+
|1     |LUT5 |     8|
|2     |IBUF |    26|
|3     |OBUF |     8|
+------+-----+------+

Report Instance Areas: 
+------+---------+-------+------+
|      |Instance |Module |Cells |
+------+---------+-------+------+
|1     |top      |       |    42|
+------+---------+-------+------+
---------------------------------------------------------------------------------
Finished Writing Synthesis Report : Time (s): cpu = 00:00:06 ; elapsed = 00:00:06 . Memory (MB): peak = 628.699 ; gain = 297.457
---------------------------------------------------------------------------------
Synthesis finished with 0 errors, 0 critical warnings and 68 warnings.
Synthesis Optimization Runtime : Time (s): cpu = 00:00:06 ; elapsed = 00:00:06 . Memory (MB): peak = 628.699 ; gain = 297.457
Synthesis Optimization Complete : Time (s): cpu = 00:00:06 ; elapsed = 00:00:06 . Memory (MB): peak = 628.699 ; gain = 297.457
INFO: [Project 1-571] Translating synthesized netlist
INFO: [Project 1-570] Preparing netlist for logic optimization
INFO: [Opt 31-138] Pushed 0 inverter(s) to 0 load pin(s).
Netlist sorting complete. Time (s): cpu = 00:00:00 ; elapsed = 00:00:00 . Memory (MB): peak = 740.309 ; gain = 0.000
INFO: [Project 1-111] Unisim Transformation Summary:
No Unisim elements were transformed.

INFO: [Common 17-83] Releasing license: Synthesis
9 Infos, 68 Warnings, 0 Critical Warnings and 0 Errors encountered.
synth_design completed successfully
synth_design: Time (s): cpu = 00:00:10 ; elapsed = 00:00:11 . Memory (MB): peak = 740.309 ; gain = 421.988
Netlist sorting complete. Time (s): cpu = 00:00:00 ; elapsed = 00:00:00 . Memory (MB): peak = 740.309 ; gain = 0.000
WARNING: [Constraints 18-5210] No constraints selected for write.
Resolution: This message can indicate that there are no constraints for the design, or it can indicate that the used_in flags are set such that the constraints are ignored. This later case is used when running synth_design to not write synthesis constraints to the resulting checkpoint. Instead, project constraints are read when the synthesized design is opened.
INFO: [Common 17-1381] The checkpoint 'C:/Users/nccas/VivadoWorkspace/gba/vivado/databus_mux/databus_mux.runs/synth_1/databus_mux.dcp' has been generated.
INFO: [runtcl-4] Executing : report_utilization -file databus_mux_utilization_synth.rpt -pb databus_mux_utilization_synth.pb
INFO: [Common 17-206] Exiting Vivado at Tue Jan  4 18:46:29 2022...
