
*** Running vivado
    with args -log ALU_block.vds -m64 -product Vivado -mode batch -messageDb vivado.pb -notrace -source ALU_block.tcl


****** Vivado v2018.3 (64-bit)
  **** SW Build 2405991 on Thu Dec  6 23:38:27 MST 2018
  **** IP Build 2404404 on Fri Dec  7 01:43:56 MST 2018
    ** Copyright 1986-2018 Xilinx, Inc. All Rights Reserved.

source ALU_block.tcl -notrace
Command: synth_design -top ALU_block -part xc7a100tcsg324-1
Starting synth_design
Attempting to get a license for feature 'Synthesis' and/or device 'xc7a100t'
INFO: [Common 17-349] Got license for feature 'Synthesis' and/or device 'xc7a100t'
INFO: Launching helper process for spawning children vivado processes
INFO: Helper process launched with PID 16052 
---------------------------------------------------------------------------------
Starting Synthesize : Time (s): cpu = 00:00:02 ; elapsed = 00:00:02 . Memory (MB): peak = 430.000 ; gain = 97.574
---------------------------------------------------------------------------------
INFO: [Synth 8-638] synthesizing module 'ALU_block' [C:/Users/nccas/VivadoWorkspace/gba/src/ALU_block.vhd:40]
INFO: [Synth 8-3491] module 'ALU' declared at 'C:/Users/nccas/VivadoWorkspace/gba/src/ALU.vhd:29' bound to instance 'ALU1' of component 'ALU' [C:/Users/nccas/VivadoWorkspace/gba/src/ALU_block.vhd:70]
INFO: [Synth 8-638] synthesizing module 'ALU' [C:/Users/nccas/VivadoWorkspace/gba/src/ALU.vhd:41]
INFO: [Synth 8-256] done synthesizing module 'ALU' (1#1) [C:/Users/nccas/VivadoWorkspace/gba/src/ALU.vhd:41]
WARNING: [Synth 8-6014] Unused sequential element A2_reg_reg was removed.  [C:/Users/nccas/VivadoWorkspace/gba/src/ALU_block.vhd:90]
WARNING: [Synth 8-6014] Unused sequential element F2_reg_reg was removed.  [C:/Users/nccas/VivadoWorkspace/gba/src/ALU_block.vhd:91]
INFO: [Synth 8-256] done synthesizing module 'ALU_block' (2#1) [C:/Users/nccas/VivadoWorkspace/gba/src/ALU_block.vhd:40]
WARNING: [Synth 8-3331] design ALU has unconnected port control[rst]
WARNING: [Synth 8-3331] design ALU has unconnected port control[reg_enable]
WARNING: [Synth 8-3331] design ALU has unconnected port control[din_alu][1]
WARNING: [Synth 8-3331] design ALU has unconnected port control[din_alu][0]
WARNING: [Synth 8-3331] design ALU has unconnected port control[dout_alu][1]
WARNING: [Synth 8-3331] design ALU has unconnected port control[dout_alu][0]
WARNING: [Synth 8-3331] design ALU has unconnected port flags_in[7]
WARNING: [Synth 8-3331] design ALU has unconnected port flags_in[6]
WARNING: [Synth 8-3331] design ALU has unconnected port flags_in[5]
WARNING: [Synth 8-3331] design ALU has unconnected port flags_in[4]
---------------------------------------------------------------------------------
Finished Synthesize : Time (s): cpu = 00:00:02 ; elapsed = 00:00:03 . Memory (MB): peak = 486.660 ; gain = 154.234
---------------------------------------------------------------------------------
---------------------------------------------------------------------------------
Finished Constraint Validation : Time (s): cpu = 00:00:02 ; elapsed = 00:00:03 . Memory (MB): peak = 486.660 ; gain = 154.234
---------------------------------------------------------------------------------
---------------------------------------------------------------------------------
Start Loading Part and Timing Information
---------------------------------------------------------------------------------
Loading part: xc7a100tcsg324-1
---------------------------------------------------------------------------------
Finished Loading Part and Timing Information : Time (s): cpu = 00:00:02 ; elapsed = 00:00:03 . Memory (MB): peak = 486.660 ; gain = 154.234
---------------------------------------------------------------------------------
INFO: [Device 21-403] Loading part xc7a100tcsg324-1
INFO: [Synth 8-5818] HDL ADVISOR - The operator resource <adder> is shared. To prevent sharing consider applying a KEEP on the output of the operator [C:/Users/nccas/VivadoWorkspace/gba/src/ALU.vhd:82]
INFO: [Synth 8-5818] HDL ADVISOR - The operator resource <adder> is shared. To prevent sharing consider applying a KEEP on the output of the operator [C:/Users/nccas/VivadoWorkspace/gba/src/ALU.vhd:82]
INFO: [Synth 8-5546] ROM "Z" won't be mapped to RAM because it is too sparse
INFO: [Synth 8-5546] ROM "Z" won't be mapped to RAM because it is too sparse
---------------------------------------------------------------------------------
Finished RTL Optimization Phase 2 : Time (s): cpu = 00:00:03 ; elapsed = 00:00:03 . Memory (MB): peak = 486.660 ; gain = 154.234
---------------------------------------------------------------------------------

Report RTL Partitions: 
+-+--------------+------------+----------+
| |RTL Partition |Replication |Instances |
+-+--------------+------------+----------+
+-+--------------+------------+----------+
No constraint files found.
---------------------------------------------------------------------------------
Start RTL Component Statistics 
---------------------------------------------------------------------------------
Detailed RTL Component Info : 
+---Adders : 
	   2 Input     17 Bit       Adders := 1     
	   2 Input      9 Bit       Adders := 2     
	   3 Input      9 Bit       Adders := 2     
+---XORs : 
	   2 Input      9 Bit         XORs := 1     
	   2 Input      1 Bit         XORs := 1     
+---Registers : 
	                8 Bit    Registers := 4     
+---Muxes : 
	  28 Input     17 Bit        Muxes := 2     
	   4 Input      8 Bit        Muxes := 2     
	  28 Input      2 Bit        Muxes := 2     
	   4 Input      1 Bit        Muxes := 4     
	  28 Input      1 Bit        Muxes := 2     
	   2 Input      1 Bit        Muxes := 6     
---------------------------------------------------------------------------------
Finished RTL Component Statistics 
---------------------------------------------------------------------------------
---------------------------------------------------------------------------------
Start RTL Hierarchical Component Statistics 
---------------------------------------------------------------------------------
Hierarchical RTL Component report 
Module ALU_block 
Detailed RTL Component Info : 
+---Registers : 
	                8 Bit    Registers := 4     
+---Muxes : 
	   4 Input      8 Bit        Muxes := 2     
	   4 Input      1 Bit        Muxes := 2     
Module ALU 
Detailed RTL Component Info : 
+---Adders : 
	   2 Input     17 Bit       Adders := 1     
	   2 Input      9 Bit       Adders := 2     
	   3 Input      9 Bit       Adders := 2     
+---XORs : 
	   2 Input      9 Bit         XORs := 1     
	   2 Input      1 Bit         XORs := 1     
+---Muxes : 
	  28 Input     17 Bit        Muxes := 2     
	  28 Input      2 Bit        Muxes := 2     
	   4 Input      1 Bit        Muxes := 2     
	  28 Input      1 Bit        Muxes := 2     
	   2 Input      1 Bit        Muxes := 6     
---------------------------------------------------------------------------------
Finished RTL Hierarchical Component Statistics
---------------------------------------------------------------------------------
---------------------------------------------------------------------------------
Start Part Resource Summary
---------------------------------------------------------------------------------
Part Resources:
DSPs: 240 (col length:80)
BRAMs: 270 (col length: RAMB18 80 RAMB36 40)
---------------------------------------------------------------------------------
Finished Part Resource Summary
---------------------------------------------------------------------------------
No constraint files found.
---------------------------------------------------------------------------------
Start Cross Boundary and Area Optimization
---------------------------------------------------------------------------------
Warning: Parallel synthesis criteria is not met 
INFO: [Synth 8-5546] ROM "ALU1/Z" won't be mapped to RAM because it is too sparse
INFO: [Synth 8-5546] ROM "ALU1/Z" won't be mapped to RAM because it is too sparse
---------------------------------------------------------------------------------
Finished Cross Boundary and Area Optimization : Time (s): cpu = 00:00:05 ; elapsed = 00:00:06 . Memory (MB): peak = 649.402 ; gain = 316.977
---------------------------------------------------------------------------------

Report RTL Partitions: 
+-+--------------+------------+----------+
| |RTL Partition |Replication |Instances |
+-+--------------+------------+----------+
+-+--------------+------------+----------+
No constraint files found.
---------------------------------------------------------------------------------
Start Timing Optimization
---------------------------------------------------------------------------------
---------------------------------------------------------------------------------
Finished Timing Optimization : Time (s): cpu = 00:00:06 ; elapsed = 00:00:06 . Memory (MB): peak = 649.402 ; gain = 316.977
---------------------------------------------------------------------------------

Report RTL Partitions: 
+-+--------------+------------+----------+
| |RTL Partition |Replication |Instances |
+-+--------------+------------+----------+
+-+--------------+------------+----------+
---------------------------------------------------------------------------------
Start Technology Mapping
---------------------------------------------------------------------------------
---------------------------------------------------------------------------------
Finished Technology Mapping : Time (s): cpu = 00:00:06 ; elapsed = 00:00:06 . Memory (MB): peak = 649.402 ; gain = 316.977
---------------------------------------------------------------------------------

Report RTL Partitions: 
+-+--------------+------------+----------+
| |RTL Partition |Replication |Instances |
+-+--------------+------------+----------+
+-+--------------+------------+----------+
---------------------------------------------------------------------------------
Start IO Insertion
---------------------------------------------------------------------------------
---------------------------------------------------------------------------------
Start Flattening Before IO Insertion
---------------------------------------------------------------------------------
---------------------------------------------------------------------------------
Finished Flattening Before IO Insertion
---------------------------------------------------------------------------------
---------------------------------------------------------------------------------
Start Final Netlist Cleanup
---------------------------------------------------------------------------------
---------------------------------------------------------------------------------
Finished Final Netlist Cleanup
---------------------------------------------------------------------------------
---------------------------------------------------------------------------------
Finished IO Insertion : Time (s): cpu = 00:00:06 ; elapsed = 00:00:07 . Memory (MB): peak = 649.402 ; gain = 316.977
---------------------------------------------------------------------------------

Report Check Netlist: 
+------+------------------+-------+---------+-------+------------------+
|      |Item              |Errors |Warnings |Status |Description       |
+------+------------------+-------+---------+-------+------------------+
|1     |multi_driven_nets |      0|        0|Passed |Multi driven nets |
+------+------------------+-------+---------+-------+------------------+
---------------------------------------------------------------------------------
Start Renaming Generated Instances
---------------------------------------------------------------------------------
---------------------------------------------------------------------------------
Finished Renaming Generated Instances : Time (s): cpu = 00:00:06 ; elapsed = 00:00:07 . Memory (MB): peak = 649.402 ; gain = 316.977
---------------------------------------------------------------------------------

Report RTL Partitions: 
+-+--------------+------------+----------+
| |RTL Partition |Replication |Instances |
+-+--------------+------------+----------+
+-+--------------+------------+----------+
---------------------------------------------------------------------------------
Start Rebuilding User Hierarchy
---------------------------------------------------------------------------------
---------------------------------------------------------------------------------
Finished Rebuilding User Hierarchy : Time (s): cpu = 00:00:06 ; elapsed = 00:00:07 . Memory (MB): peak = 649.402 ; gain = 316.977
---------------------------------------------------------------------------------
---------------------------------------------------------------------------------
Start Renaming Generated Ports
---------------------------------------------------------------------------------
---------------------------------------------------------------------------------
Finished Renaming Generated Ports : Time (s): cpu = 00:00:06 ; elapsed = 00:00:07 . Memory (MB): peak = 649.402 ; gain = 316.977
---------------------------------------------------------------------------------
---------------------------------------------------------------------------------
Start Handling Custom Attributes
---------------------------------------------------------------------------------
---------------------------------------------------------------------------------
Finished Handling Custom Attributes : Time (s): cpu = 00:00:06 ; elapsed = 00:00:07 . Memory (MB): peak = 649.402 ; gain = 316.977
---------------------------------------------------------------------------------
---------------------------------------------------------------------------------
Start Renaming Generated Nets
---------------------------------------------------------------------------------
---------------------------------------------------------------------------------
Finished Renaming Generated Nets : Time (s): cpu = 00:00:06 ; elapsed = 00:00:07 . Memory (MB): peak = 649.402 ; gain = 316.977
---------------------------------------------------------------------------------
---------------------------------------------------------------------------------
Start Writing Synthesis Report
---------------------------------------------------------------------------------

Report BlackBoxes: 
+-+--------------+----------+
| |BlackBox name |Instances |
+-+--------------+----------+
+-+--------------+----------+

Report Cell Usage: 
+------+-------+------+
|      |Cell   |Count |
+------+-------+------+
|1     |BUFG   |     1|
|2     |CARRY4 |     9|
|3     |LUT1   |     1|
|4     |LUT2   |    38|
|5     |LUT3   |    13|
|6     |LUT4   |    25|
|7     |LUT5   |    32|
|8     |LUT6   |   108|
|9     |FDCE   |    32|
|10    |IBUF   |    21|
|11    |OBUF   |     8|
+------+-------+------+

Report Instance Areas: 
+------+---------+-------+------+
|      |Instance |Module |Cells |
+------+---------+-------+------+
|1     |top      |       |   288|
|2     |  ALU1   |ALU    |   100|
+------+---------+-------+------+
---------------------------------------------------------------------------------
Finished Writing Synthesis Report : Time (s): cpu = 00:00:06 ; elapsed = 00:00:07 . Memory (MB): peak = 649.402 ; gain = 316.977
---------------------------------------------------------------------------------
Synthesis finished with 0 errors, 0 critical warnings and 12 warnings.
Synthesis Optimization Runtime : Time (s): cpu = 00:00:06 ; elapsed = 00:00:07 . Memory (MB): peak = 649.402 ; gain = 316.977
Synthesis Optimization Complete : Time (s): cpu = 00:00:06 ; elapsed = 00:00:07 . Memory (MB): peak = 649.402 ; gain = 316.977
INFO: [Project 1-571] Translating synthesized netlist
INFO: [Netlist 29-17] Analyzing 9 Unisim elements for replacement
INFO: [Netlist 29-28] Unisim Transformation completed in 0 CPU seconds
INFO: [Project 1-570] Preparing netlist for logic optimization
INFO: [Opt 31-138] Pushed 0 inverter(s) to 0 load pin(s).
Netlist sorting complete. Time (s): cpu = 00:00:00 ; elapsed = 00:00:00.001 . Memory (MB): peak = 744.055 ; gain = 0.000
INFO: [Project 1-111] Unisim Transformation Summary:
No Unisim elements were transformed.

INFO: [Common 17-83] Releasing license: Synthesis
20 Infos, 12 Warnings, 0 Critical Warnings and 0 Errors encountered.
synth_design completed successfully
synth_design: Time (s): cpu = 00:00:10 ; elapsed = 00:00:11 . Memory (MB): peak = 744.055 ; gain = 424.648
Netlist sorting complete. Time (s): cpu = 00:00:00 ; elapsed = 00:00:00 . Memory (MB): peak = 744.055 ; gain = 0.000
WARNING: [Constraints 18-5210] No constraints selected for write.
Resolution: This message can indicate that there are no constraints for the design, or it can indicate that the used_in flags are set such that the constraints are ignored. This later case is used when running synth_design to not write synthesis constraints to the resulting checkpoint. Instead, project constraints are read when the synthesized design is opened.
INFO: [Common 17-1381] The checkpoint 'C:/Users/nccas/VivadoWorkspace/gba/vivado/ALU_block/ALU_block.runs/synth_1/ALU_block.dcp' has been generated.
INFO: [runtcl-4] Executing : report_utilization -file ALU_block_utilization_synth.rpt -pb ALU_block_utilization_synth.pb
INFO: [Common 17-206] Exiting Vivado at Fri Jan  7 05:39:40 2022...
